Arguments: 
  /Users/brunomovio/.nvm/versions/node/v14.19.0/bin/node /Users/brunomovio/.yarn/bin/yarn.js

PATH: 
  /Users/brunomovio/opt/anaconda3/bin:/Users/brunomovio/opt/anaconda3/condabin:/Users/brunomovio/.nvm/versions/node/v14.19.0/bin:/Users/brunomovio/.yarn/bin:/Users/brunomovio/.config/yarn/global/node_modules/.bin:/opt/homebrew/bin:/opt/homebrew/sbin:/usr/local/bin:/usr/bin:/bin:/usr/sbin:/sbin

Yarn version: 
  1.22.17

Node version: 
  14.19.0

Platform: 
  darwin x64

Trace: 
  Error: ENOENT: no such file or directory, open '/Users/brunomovio/Library/Caches/Yarn/v6/npm-esbuild-darwin-64-0.14.43-72a47295678d4aa0656979baa8cf6d5c8c92656f-integrity/node_modules/esbuild-darwin-64/.yarn-metadata.json'

npm manifest: 
  {
    "name": "educational-social-network-web",
    "private": true,
    "version": "0.0.0",
    "scripts": {
      "dev": "vite",
      "build": "tsc && vite build",
      "preview": "vite preview"
    },
    "dependencies": {
      "react": "^18.0.0",
      "react-dom": "^18.0.0"
    },
    "devDependencies": {
      "@types/react": "^18.0.0",
      "@types/react-dom": "^18.0.0",
      "@vitejs/plugin-react": "^1.3.0",
      "typescript": "^4.6.3",
      "vite": "^2.9.9"
    }
  }

yarn manifest: 
  No manifest

Lockfile: 
  No lockfile
